<?xml version="1.0" encoding="UTF-8"?>
<!-- Generated by org.testng.reporters.JUnitReportReporter -->
<testsuite hostname="DESKTOP-74H3IMS" failures="0" tests="2" name="Test.Attributesample" time="0.006" errors="0" timestamp="2024-11-19T19:23:51 IST" skipped="0">
  <testcase classname="Test.Attributesample" name="signinTest" time="0.006"/>
  <system-out/>
  <testcase classname="Test.Attributesample" name="loginTest" time="0.000"/>
  <system-out/>
</testsuite> <!-- Test.Attributesample -->
